Determining if the pthread_create exist failed with the following output:
Change Dir: /home/nuwan/git/vision_grasp_capstone/ws_capstone/build/my_scripts/CMakeFiles/CMakeTmp

Run Build Command:"/usr/bin/make" "cmTC_6585c/fast"
/usr/bin/make -f CMakeFiles/cmTC_6585c.dir/build.make CMakeFiles/cmTC_6585c.dir/build
make[1]: Entering directory '/home/nuwan/git/vision_grasp_capstone/ws_capstone/build/my_scripts/CMakeFiles/CMakeTmp'
Building C object CMakeFiles/cmTC_6585c.dir/CheckSymbolExists.c.o
/usr/bin/cc    -o CMakeFiles/cmTC_6585c.dir/CheckSymbolExists.c.o   -c /home/nuwan/git/vision_grasp_capstone/ws_capstone/build/my_scripts/CMakeFiles/CMakeTmp/CheckSymbolExists.c
Linking C executable cmTC_6585c
/usr/bin/cmake -E cmake_link_script CMakeFiles/cmTC_6585c.dir/link.txt --verbose=1
/usr/bin/cc      -rdynamic CMakeFiles/cmTC_6585c.dir/CheckSymbolExists.c.o  -o cmTC_6585c 
CMakeFiles/cmTC_6585c.dir/CheckSymbolExists.c.o: In function `main':
CheckSymbolExists.c:(.text+0x1b): undefined reference to `pthread_create'
collect2: error: ld returned 1 exit status
CMakeFiles/cmTC_6585c.dir/build.make:97: recipe for target 'cmTC_6585c' failed
make[1]: *** [cmTC_6585c] Error 1
make[1]: Leaving directory '/home/nuwan/git/vision_grasp_capstone/ws_capstone/build/my_scripts/CMakeFiles/CMakeTmp'
Makefile:126: recipe for target 'cmTC_6585c/fast' failed
make: *** [cmTC_6585c/fast] Error 2

File /home/nuwan/git/vision_grasp_capstone/ws_capstone/build/my_scripts/CMakeFiles/CMakeTmp/CheckSymbolExists.c:
/* */
#include <pthread.h>

int main(int argc, char** argv)
{
  (void)argv;
#ifndef pthread_create
  return ((int*)(&pthread_create))[argc];
#else
  (void)argc;
  return 0;
#endif
}

Determining if the function pthread_create exists in the pthreads failed with the following output:
Change Dir: /home/nuwan/git/vision_grasp_capstone/ws_capstone/build/my_scripts/CMakeFiles/CMakeTmp

Run Build Command:"/usr/bin/make" "cmTC_b31fe/fast"
/usr/bin/make -f CMakeFiles/cmTC_b31fe.dir/build.make CMakeFiles/cmTC_b31fe.dir/build
make[1]: Entering directory '/home/nuwan/git/vision_grasp_capstone/ws_capstone/build/my_scripts/CMakeFiles/CMakeTmp'
Building C object CMakeFiles/cmTC_b31fe.dir/CheckFunctionExists.c.o
/usr/bin/cc   -DCHECK_FUNCTION_EXISTS=pthread_create   -o CMakeFiles/cmTC_b31fe.dir/CheckFunctionExists.c.o   -c /usr/share/cmake-3.10/Modules/CheckFunctionExists.c
Linking C executable cmTC_b31fe
/usr/bin/cmake -E cmake_link_script CMakeFiles/cmTC_b31fe.dir/link.txt --verbose=1
/usr/bin/cc  -DCHECK_FUNCTION_EXISTS=pthread_create    -rdynamic CMakeFiles/cmTC_b31fe.dir/CheckFunctionExists.c.o  -o cmTC_b31fe -lpthreads 
/usr/bin/ld: cannot find -lpthreads
collect2: error: ld returned 1 exit status
CMakeFiles/cmTC_b31fe.dir/build.make:97: recipe for target 'cmTC_b31fe' failed
make[1]: *** [cmTC_b31fe] Error 1
make[1]: Leaving directory '/home/nuwan/git/vision_grasp_capstone/ws_capstone/build/my_scripts/CMakeFiles/CMakeTmp'
Makefile:126: recipe for target 'cmTC_b31fe/fast' failed
make: *** [cmTC_b31fe/fast] Error 2


