Determining if the pthread_create exist failed with the following output:
Change Dir: /home/nuwan/git/vision_grasp_capstone/ws_capstone/build/realsense2_description/CMakeFiles/CMakeTmp

Run Build Command:"/usr/bin/make" "cmTC_6df02/fast"
/usr/bin/make -f CMakeFiles/cmTC_6df02.dir/build.make CMakeFiles/cmTC_6df02.dir/build
make[1]: Entering directory '/home/nuwan/git/vision_grasp_capstone/ws_capstone/build/realsense2_description/CMakeFiles/CMakeTmp'
Building C object CMakeFiles/cmTC_6df02.dir/CheckSymbolExists.c.o
/usr/bin/cc    -o CMakeFiles/cmTC_6df02.dir/CheckSymbolExists.c.o   -c /home/nuwan/git/vision_grasp_capstone/ws_capstone/build/realsense2_description/CMakeFiles/CMakeTmp/CheckSymbolExists.c
Linking C executable cmTC_6df02
/usr/bin/cmake -E cmake_link_script CMakeFiles/cmTC_6df02.dir/link.txt --verbose=1
/usr/bin/cc      -rdynamic CMakeFiles/cmTC_6df02.dir/CheckSymbolExists.c.o  -o cmTC_6df02 
CMakeFiles/cmTC_6df02.dir/CheckSymbolExists.c.o: In function `main':
CheckSymbolExists.c:(.text+0x1b): undefined reference to `pthread_create'
collect2: error: ld returned 1 exit status
CMakeFiles/cmTC_6df02.dir/build.make:97: recipe for target 'cmTC_6df02' failed
make[1]: *** [cmTC_6df02] Error 1
make[1]: Leaving directory '/home/nuwan/git/vision_grasp_capstone/ws_capstone/build/realsense2_description/CMakeFiles/CMakeTmp'
Makefile:126: recipe for target 'cmTC_6df02/fast' failed
make: *** [cmTC_6df02/fast] Error 2

File /home/nuwan/git/vision_grasp_capstone/ws_capstone/build/realsense2_description/CMakeFiles/CMakeTmp/CheckSymbolExists.c:
/* */
#include <pthread.h>

int main(int argc, char** argv)
{
  (void)argv;
#ifndef pthread_create
  return ((int*)(&pthread_create))[argc];
#else
  (void)argc;
  return 0;
#endif
}

Determining if the function pthread_create exists in the pthreads failed with the following output:
Change Dir: /home/nuwan/git/vision_grasp_capstone/ws_capstone/build/realsense2_description/CMakeFiles/CMakeTmp

Run Build Command:"/usr/bin/make" "cmTC_831a1/fast"
/usr/bin/make -f CMakeFiles/cmTC_831a1.dir/build.make CMakeFiles/cmTC_831a1.dir/build
make[1]: Entering directory '/home/nuwan/git/vision_grasp_capstone/ws_capstone/build/realsense2_description/CMakeFiles/CMakeTmp'
Building C object CMakeFiles/cmTC_831a1.dir/CheckFunctionExists.c.o
/usr/bin/cc   -DCHECK_FUNCTION_EXISTS=pthread_create   -o CMakeFiles/cmTC_831a1.dir/CheckFunctionExists.c.o   -c /usr/share/cmake-3.10/Modules/CheckFunctionExists.c
Linking C executable cmTC_831a1
/usr/bin/cmake -E cmake_link_script CMakeFiles/cmTC_831a1.dir/link.txt --verbose=1
/usr/bin/cc  -DCHECK_FUNCTION_EXISTS=pthread_create    -rdynamic CMakeFiles/cmTC_831a1.dir/CheckFunctionExists.c.o  -o cmTC_831a1 -lpthreads 
/usr/bin/ld: cannot find -lpthreads
collect2: error: ld returned 1 exit status
CMakeFiles/cmTC_831a1.dir/build.make:97: recipe for target 'cmTC_831a1' failed
make[1]: *** [cmTC_831a1] Error 1
make[1]: Leaving directory '/home/nuwan/git/vision_grasp_capstone/ws_capstone/build/realsense2_description/CMakeFiles/CMakeTmp'
Makefile:126: recipe for target 'cmTC_831a1/fast' failed
make: *** [cmTC_831a1/fast] Error 2


