Determining if the pthread_create exist failed with the following output:
Change Dir: /home/nuwan/git/vision_grasp_capstone/ws_capstone/build/camera_mount_assembly_urdf_no-adp_description/CMakeFiles/CMakeTmp

Run Build Command:"/usr/bin/make" "cmTC_c0dcf/fast"
/usr/bin/make -f CMakeFiles/cmTC_c0dcf.dir/build.make CMakeFiles/cmTC_c0dcf.dir/build
make[1]: Entering directory '/home/nuwan/git/vision_grasp_capstone/ws_capstone/build/camera_mount_assembly_urdf_no-adp_description/CMakeFiles/CMakeTmp'
Building C object CMakeFiles/cmTC_c0dcf.dir/CheckSymbolExists.c.o
/usr/bin/cc    -o CMakeFiles/cmTC_c0dcf.dir/CheckSymbolExists.c.o   -c /home/nuwan/git/vision_grasp_capstone/ws_capstone/build/camera_mount_assembly_urdf_no-adp_description/CMakeFiles/CMakeTmp/CheckSymbolExists.c
Linking C executable cmTC_c0dcf
/usr/bin/cmake -E cmake_link_script CMakeFiles/cmTC_c0dcf.dir/link.txt --verbose=1
/usr/bin/cc      -rdynamic CMakeFiles/cmTC_c0dcf.dir/CheckSymbolExists.c.o  -o cmTC_c0dcf 
CMakeFiles/cmTC_c0dcf.dir/CheckSymbolExists.c.o: In function `main':
CheckSymbolExists.c:(.text+0x1b): undefined reference to `pthread_create'
collect2: error: ld returned 1 exit status
CMakeFiles/cmTC_c0dcf.dir/build.make:97: recipe for target 'cmTC_c0dcf' failed
make[1]: *** [cmTC_c0dcf] Error 1
make[1]: Leaving directory '/home/nuwan/git/vision_grasp_capstone/ws_capstone/build/camera_mount_assembly_urdf_no-adp_description/CMakeFiles/CMakeTmp'
Makefile:126: recipe for target 'cmTC_c0dcf/fast' failed
make: *** [cmTC_c0dcf/fast] Error 2

File /home/nuwan/git/vision_grasp_capstone/ws_capstone/build/camera_mount_assembly_urdf_no-adp_description/CMakeFiles/CMakeTmp/CheckSymbolExists.c:
/* */
#include <pthread.h>

int main(int argc, char** argv)
{
  (void)argv;
#ifndef pthread_create
  return ((int*)(&pthread_create))[argc];
#else
  (void)argc;
  return 0;
#endif
}

Determining if the function pthread_create exists in the pthreads failed with the following output:
Change Dir: /home/nuwan/git/vision_grasp_capstone/ws_capstone/build/camera_mount_assembly_urdf_no-adp_description/CMakeFiles/CMakeTmp

Run Build Command:"/usr/bin/make" "cmTC_b00f1/fast"
/usr/bin/make -f CMakeFiles/cmTC_b00f1.dir/build.make CMakeFiles/cmTC_b00f1.dir/build
make[1]: Entering directory '/home/nuwan/git/vision_grasp_capstone/ws_capstone/build/camera_mount_assembly_urdf_no-adp_description/CMakeFiles/CMakeTmp'
Building C object CMakeFiles/cmTC_b00f1.dir/CheckFunctionExists.c.o
/usr/bin/cc   -DCHECK_FUNCTION_EXISTS=pthread_create   -o CMakeFiles/cmTC_b00f1.dir/CheckFunctionExists.c.o   -c /usr/share/cmake-3.10/Modules/CheckFunctionExists.c
Linking C executable cmTC_b00f1
/usr/bin/cmake -E cmake_link_script CMakeFiles/cmTC_b00f1.dir/link.txt --verbose=1
/usr/bin/cc  -DCHECK_FUNCTION_EXISTS=pthread_create    -rdynamic CMakeFiles/cmTC_b00f1.dir/CheckFunctionExists.c.o  -o cmTC_b00f1 -lpthreads 
/usr/bin/ld: cannot find -lpthreads
collect2: error: ld returned 1 exit status
CMakeFiles/cmTC_b00f1.dir/build.make:97: recipe for target 'cmTC_b00f1' failed
make[1]: *** [cmTC_b00f1] Error 1
make[1]: Leaving directory '/home/nuwan/git/vision_grasp_capstone/ws_capstone/build/camera_mount_assembly_urdf_no-adp_description/CMakeFiles/CMakeTmp'
Makefile:126: recipe for target 'cmTC_b00f1/fast' failed
make: *** [cmTC_b00f1/fast] Error 2


